2015-09-28 14:05:37,030 [10] DEBUG Log - Log system starting!
2015-09-28 14:05:37,042 [10] DEBUG Log - Система запущена!
2015-09-28 14:05:37,043 [10] DEBUG Log - -------Initialization--------
2015-09-28 14:05:38,572 [10] DEBUG Log - --T0-- D:\3D\outsourcing\kembl\Cinteron\SituationalCentreApp\SituationalCentreApp\bin\Debug\log\System.log
2015-09-28 14:05:38,573 [10] DEBUG Log - --T1-- D:\3D\outsourcing\kembl\Cinteron\SituationalCentreApp\SituationalCentreApp\bin\Debug\log\System.log
2015-09-28 14:05:38,573 [10] DEBUG Log - --T2--
2015-09-28 14:09:02,824 [9] DEBUG Log - Log system starting!
2015-09-28 14:09:02,836 [9] DEBUG Log - -------Initialization--------
2015-09-28 14:09:04,578 [9] DEBUG Log - --T0-- D:\3D\outsourcing\kembl\Cinteron\SituationalCentreApp\SituationalCentreApp\bin\Debug\log\System.log
2015-09-28 14:09:04,579 [9] DEBUG Log - --T1-- D:\3D\outsourcing\kembl\Cinteron\SituationalCentreApp\SituationalCentreApp\bin\Debug\log\System.log
2015-09-28 14:09:04,579 [9] DEBUG Log - --T2--
2015-09-28 14:09:23,503 [9] DEBUG Log - --T0-- D:\3D\outsourcing\kembl\Cinteron\SituationalCentreApp\SituationalCentreApp\bin\Debug\log\System.log
2015-09-28 14:09:23,504 [9] DEBUG Log - --T1-- D:\3D\outsourcing\kembl\Cinteron\SituationalCentreApp\SituationalCentreApp\bin\Debug\log\System.log
2015-09-28 14:09:23,505 [9] DEBUG Log - --T2--
2015-09-28 15:19:00,005 [10] DEBUG Log - Log system starting!
2015-09-28 15:19:00,018 [10] DEBUG Log - -------Запуск системы--------
2015-09-28 15:19:52,371 [9] DEBUG Log - Log system starting!
2015-09-28 15:19:52,383 [9] DEBUG Log - -------Запуск системы--------
2015-09-28 15:20:00,997 [10] DEBUG Log - Log system starting!
2015-09-28 15:20:01,011 [10] DEBUG Log - -------Запуск системы--------
2015-09-28 15:20:10,451 [9] DEBUG Log - Log system starting!
2015-09-28 15:20:10,464 [9] DEBUG Log - -------Запуск системы--------
